{"level":"info","message":"2018-03-06 10:26:32:682|::1|200|34|/rpt?author=lebron","timestamp":"2018-03-06 10:26:32:684"}
{"level":"info","message":"2018-03-06 10:29:17:987|::1|200|45|/rpt?author=lebron","timestamp":"2018-03-06 10:29:17:990"}
{"level":"info","message":"2018-03-06 10:31:09:988|::1|200|42|/rpt?author=lebron","timestamp":"2018-03-06 10:31:09:990"}
{"level":"info","message":"2018-03-06 10:33:10:292|::1|200|38|/rpt?author=lebron","timestamp":"2018-03-06 10:33:10:294"}
{"level":"info","message":"2018-03-06 10:34:11:977|::1|200|42|/rpt?author=lebron","timestamp":"2018-03-06 10:34:11:979"}
{"level":"info","message":"2018-03-06 10:35:49:745|::1|200|41|/rpt?author=lebron","timestamp":"2018-03-06 10:35:49:746"}
{"level":"info","message":"2018-03-06 10:36:40:452|::1|200|45|/rpt?author=lebron","timestamp":"2018-03-06 10:36:40:454"}
{"level":"info","message":"2018-03-06 10:36:53:381|::1|200|42|/rpt?author=lebron","timestamp":"2018-03-06 10:36:53:385"}
{"level":"info","message":"2018-03-06 10:36:59:721|::1|200|4|/rpt?author=lebron","timestamp":"2018-03-06 10:36:59:721"}
{"level":"info","message":"2018-03-06 10:37:06:906|::1|200|62|/rpt?author=lebron","timestamp":"2018-03-06 10:37:06:908"}
{"level":"info","message":"2018-03-06 10:40:04:270|::1|200|34|/rpt?author=lebron","timestamp":"2018-03-06 10:40:04:272"}
{"level":"info","message":"2018-03-06 10:40:37:985|::1|200|29|/rpt?author=lebron","timestamp":"2018-03-06 10:40:37:987"}
{"level":"info","message":"2018-03-06 10:41:09:068|::1|200|41|/rpt?author=lebron","timestamp":"2018-03-06 10:41:09:071"}
{"level":"info","message":"2018-03-06 10:43:27:689|::1|200|38|/rpt?author=lebron","timestamp":"2018-03-06 10:43:27:691"}
{"level":"info","message":"2018-03-06 10:45:32:713|::1|200|24|/rpt?author=lebron","timestamp":"2018-03-06 10:45:32:715"}
{"level":"info","message":"2018-03-06 10:45:49:492|::1|200|38|/rpt?author=lebron","timestamp":"2018-03-06 10:45:49:494"}
{"level":"info","message":"2018-03-06 10:46:32:409|::1|200|40|/rpt?author=lebron","timestamp":"2018-03-06 10:46:32:412"}
{"level":"info","message":"2018-03-06 10:48:51:136|::1|200|28|/rpt?author=lebron","timestamp":"2018-03-06 10:48:51:138"}
{"level":"info","message":"2018-03-06 10:49:29:144|::1|200|30|/rpt?author=lebron","timestamp":"2018-03-06 10:49:29:146"}
{"level":"info","message":"2018-03-06 10:50:03:510|::1|200|41|/rpt?author=lebron","timestamp":"2018-03-06 10:50:03:512"}
{"level":"info","message":"2018-03-06 10:50:22:971|::1|200|42|/rpt?author=lebron","timestamp":"2018-03-06 10:50:22:973"}
{"level":"info","message":"2018-03-06 10:54:13:839|::1|204|25|/rpt?author=lebron","timestamp":"2018-03-06 10:54:13:840"}
{"level":"info","message":"2018-03-06 10:59:55:796|::1|204|21|/rpt?author=lebron","timestamp":"2018-03-06 10:59:55:798"}
{"level":"info","message":"2018-03-06 10:59:56:970|::1|204|2|/rpt?author=lebron","timestamp":"2018-03-06 10:59:56:970"}
{"level":"info","message":"2018-03-06 10:59:58:084|::1|204|1|/rpt?author=lebron","timestamp":"2018-03-06 10:59:58:084"}
{"level":"info","message":"2018-03-06 11:00:45:850|::1|204|23|/rpt?author=lebron","timestamp":"2018-03-06 11:00:45:851"}
{"level":"info","message":"2018-03-06 11:00:59:558|::1|204|24|/rpt?author=lebron","timestamp":"2018-03-06 11:00:59:560"}
{"level":"info","message":"2018-03-06 11:05:40:926|::1|404|20|/rpt?author=lebron","timestamp":"2018-03-06 11:05:40:928"}
{"level":"info","message":"2018-03-06 11:05:57:199|::1|404|45|/rpt?author=lebron","timestamp":"2018-03-06 11:05:57:204"}
{"level":"info","message":"2018-03-06 11:06:25:225|::1|404|35|/rpt?author=lebron","timestamp":"2018-03-06 11:06:25:228"}
{"level":"info","message":"2018-03-06 11:06:47:641|::1|404|37|/rpt?author=lebron","timestamp":"2018-03-06 11:06:47:643"}
{"level":"info","message":"2018-03-06 11:07:04:345|::1|404|37|/rpt?author=lebron","timestamp":"2018-03-06 11:07:04:348"}
{"level":"info","message":"2018-03-06 11:07:05:806|::1|404|1|/rpt?author=lebron","timestamp":"2018-03-06 11:07:05:806"}
{"level":"info","message":"2018-03-06 11:08:06:680|::1|404|34|/rpt?author=lebron","timestamp":"2018-03-06 11:08:06:683"}
{"level":"info","message":"2018-03-06 11:08:15:176|::1|404|3|/rpt?author=lebron","timestamp":"2018-03-06 11:08:15:176"}
{"level":"info","message":"2018-03-06 11:08:17:781|::1|404|1|/rpt?author=lebron","timestamp":"2018-03-06 11:08:17:782"}
{"level":"info","message":"2018-03-06 11:08:40:353|::1|404|37|/rpt?author=lebron","timestamp":"2018-03-06 11:08:40:354"}
{"level":"info","message":"2018-03-06 11:08:41:435|::1|404|3|/rpt?author=lebron","timestamp":"2018-03-06 11:08:41:435"}
{"level":"info","message":"2018-03-06 11:09:12:452|::1|404|36|/rpt?author=lebron","timestamp":"2018-03-06 11:09:12:453"}
{"level":"info","message":"2018-03-06 11:09:13:447|::1|404|5|/rpt?author=lebron","timestamp":"2018-03-06 11:09:13:448"}
{"level":"info","message":"2018-03-06 11:09:41:674|::1|404|42|/rpt?author=lebron","timestamp":"2018-03-06 11:09:41:677"}
{"level":"info","message":"2018-03-06 11:10:15:404|::1|200|37|/rpt?author=lebron","timestamp":"2018-03-06 11:10:15:406"}
{"level":"info","message":"2018-03-06 11:27:25:629|::1|404|2|/rpt?author=lebron","timestamp":"2018-03-06 11:27:25:639"}
{"level":"info","message":"2018-03-06 11:27:47:378|::1|200|19|/report?author=lebron","timestamp":"2018-03-06 11:27:47:379"}
{"level":"info","message":"2018-03-06 11:27:55:858|::1|200|1|/report?author=lebron","timestamp":"2018-03-06 11:27:55:858"}
{"level":"info","message":"2018-03-06 11:28:05:302|::1|200|6|/remove?author=lebron","timestamp":"2018-03-06 11:28:05:302"}
{"level":"info","message":"2018-03-06 12:01:21:675|::1|200|13|/find?author=lebron","timestamp":"2018-03-06 12:01:21:680"}
{"level":"info","message":"2018-03-06 12:01:48:254|::1|200|15|/find?author=lebron","timestamp":"2018-03-06 12:01:48:260"}
{"level":"info","message":"2018-03-06 12:02:52:623|::1|200|12|/find?author=lebron","timestamp":"2018-03-06 12:02:52:627"}
{"level":"info","message":"2018-03-06 12:05:08:031|::1|200|13|/find?author=lebron","timestamp":"2018-03-06 12:05:08:037"}
{"level":"info","message":"2018-03-06 12:05:22:633|::1|200|14|/find?author=lebron","timestamp":"2018-03-06 12:05:22:636"}
{"level":"info","message":"2018-03-06 12:05:35:014|::1|200|12|/report?author=lebron","timestamp":"2018-03-06 12:05:35:014"}
{"level":"info","message":"2018-03-06 12:05:37:527|::1|200|1|/report?author=lebron","timestamp":"2018-03-06 12:05:37:527"}
{"level":"info","message":"2018-03-06 12:05:43:873|::1|200|1|/report?author=lebron","timestamp":"2018-03-06 12:05:43:873"}
{"level":"info","message":"2018-03-06 12:05:46:989|::1|200|2|/find?author=lebron","timestamp":"2018-03-06 12:05:46:989"}
{"level":"info","message":"2018-03-06 12:06:07:724|::1|200|17|/find?author=lebron","timestamp":"2018-03-06 12:06:07:734"}
{"level":"info","message":"2018-03-06 12:06:17:946|::1|200|13|/find?author=lebron","timestamp":"2018-03-06 12:06:17:951"}
{"level":"info","message":"2018-03-06 12:06:36:433|::1|200|16|/find?author=lebron","timestamp":"2018-03-06 12:06:36:436"}
{"level":"info","message":"2018-03-06 12:09:29:119|::1|200|1|/find?author=lebron&start=2018-03-05&end=2018-03-07","timestamp":"2018-03-06 12:09:29:120"}
{"level":"info","message":"2018-03-06 12:09:40:918|::1|200|10|/find?author=lebron&start=2018-03-05&end=2018-03-07","timestamp":"2018-03-06 12:09:40:922"}
{"level":"info","message":"2018-03-06 12:09:49:841|::1|200|1|/find?author=lebron&start=2018-03-05&end=2018-03-06","timestamp":"2018-03-06 12:09:49:842"}
{"level":"info","message":"2018-03-06 12:10:00:565|::1|200|0|/find?author=lebron&start=2018-03-06&end=2018-03-06","timestamp":"2018-03-06 12:10:00:565"}
{"level":"info","message":"2018-03-06 12:10:05:745|::1|200|1|/find?author=lebron&start=2018-03-06&end=2018-03-07","timestamp":"2018-03-06 12:10:05:745"}
{"level":"info","message":"2018-03-06 12:10:14:398|::1|200|0|/find?author=lebron&start=2018-03-06&end=2018-03-06","timestamp":"2018-03-06 12:10:14:398"}
{"level":"info","message":"2018-03-06 12:10:19:085|::1|200|0|/find?author=lebron&start=2018-03-06&end=2018-03-07","timestamp":"2018-03-06 12:10:19:085"}
{"level":"info","message":"2018-03-06 12:10:48:527|::1|200|0|/find?author=lebron&start=&end=","timestamp":"2018-03-06 12:10:48:527"}
{"level":"info","message":"2018-03-06 12:10:55:347|::1|200|0|/find?author=lebron&start=&end=","timestamp":"2018-03-06 12:10:55:347"}
{"level":"info","message":"2018-03-06 12:11:24:692|::1|200|1|/find?author=lebron&start=2018-03-05","timestamp":"2018-03-06 12:11:24:692"}
{"level":"info","message":"2018-03-06 12:11:37:188|::1|200|14|/find?author=lebron&start=2018-03-05","timestamp":"2018-03-06 12:11:37:197"}
{"level":"info","message":"2018-03-06 12:12:34:183|::1|200|1|/find?author=lebron&start=2018-03-05","timestamp":"2018-03-06 12:12:34:184"}
{"level":"info","message":"2018-03-06 12:12:48:227|::1|200|1|/find?start=2018-03-05","timestamp":"2018-03-06 12:12:48:227"}
{"level":"info","message":"2018-03-06 12:14:59:057|::1|200|15|/find?start=2018-03-05","timestamp":"2018-03-06 12:14:59:063"}
{"level":"info","message":"2018-03-06 12:17:33:273|::1|200|6|/find?author=lebron&start=2018-03-05","timestamp":"2018-03-06 12:17:33:282"}
{"level":"info","message":"2018-03-06 12:17:42:422|::1|200|1|/find?start=2018-03-05","timestamp":"2018-03-06 12:17:42:422"}
{"level":"info","message":"2018-03-06 12:17:50:426|::1|200|1|/find?author=lebron&start=2018-03-06&end=2018-03-07","timestamp":"2018-03-06 12:17:50:426"}
{"level":"info","message":"2018-03-06 12:18:12:545|::1|200|19|/find?author=lebron&start=2018-03-06&end=2018-03-07","timestamp":"2018-03-06 12:18:12:551"}
{"level":"info","message":"2018-03-06 12:18:17:378|::1|200|1|/find?author=lebron&start=2018-03-06","timestamp":"2018-03-06 12:18:17:378"}
{"level":"info","message":"2018-03-06 12:18:27:345|::1|200|2|/find?author=lebron","timestamp":"2018-03-06 12:18:27:345"}
{"level":"info","message":"2018-03-06 12:18:36:051|::1|200|1|/find?author=lebron","timestamp":"2018-03-06 12:18:36:051"}
{"level":"info","message":"2018-03-06 12:19:03:979|::1|200|13|/find?author=lebron","timestamp":"2018-03-06 12:19:03:987"}
{"level":"info","message":"2018-03-06 12:20:55:553|::1|200|16|/find?author=lebron","timestamp":"2018-03-06 12:20:55:565"}
{"level":"info","message":"2018-03-06 12:21:18:384|::1|200|12|/find?author=lebron","timestamp":"2018-03-06 12:21:18:389"}
{"level":"info","message":"2018-03-06 12:21:47:277|::1|200|15|/find?author=lebron","timestamp":"2018-03-06 12:21:47:284"}
{"level":"info","message":"2018-03-06 12:23:13:724|::1|200|14|/find?author=lebron","timestamp":"2018-03-06 12:23:13:730"}
{"level":"info","message":"2018-03-06 12:23:27:658|::1|200|14|/find?author=lebron","timestamp":"2018-03-06 12:23:27:662"}
{"level":"info","message":"2018-03-06 12:23:47:099|::1|200|18|/find?author=lebron","timestamp":"2018-03-06 12:23:47:104"}
{"level":"info","message":"2018-03-06 12:24:00:861|::1|200|2|/find?author=lebron&start=2018-03-06","timestamp":"2018-03-06 12:24:00:861"}
{"level":"info","message":"2018-03-06 12:24:13:463|::1|200|16|/find?author=lebron&start=2018-03-06","timestamp":"2018-03-06 12:24:13:467"}
{"level":"info","message":"2018-03-06 12:24:27:392|::1|200|18|/find?author=lebron&start=2018-03-06","timestamp":"2018-03-06 12:24:27:399"}
{"level":"info","message":"2018-03-06 12:25:39:763|::1|200|21|/find?author=lebron&start=2018-03-06","timestamp":"2018-03-06 12:25:39:768"}
{"level":"info","message":"2018-03-06 12:26:23:085|::1|200|20|/find?author=lebron&start=2018-03-06","timestamp":"2018-03-06 12:26:23:094"}
{"level":"info","message":"2018-03-06 12:26:59:565|::1|200|23|/find?author=lebron&start=2018-03-06","timestamp":"2018-03-06 12:26:59:569"}
{"level":"info","message":"2018-03-06 12:27:17:436|::1|200|16|/find?author=lebron","timestamp":"2018-03-06 12:27:17:441"}
{"level":"info","message":"2018-03-06 12:27:32:776|::1|200|14|/find?author=lebron","timestamp":"2018-03-06 12:27:32:781"}
{"level":"info","message":"2018-03-06 12:28:23:205|::1|200|14|/find?author=lebron","timestamp":"2018-03-06 12:28:23:209"}
{"level":"info","message":"2018-03-06 12:28:35:779|::1|200|15|/find?author=lebron","timestamp":"2018-03-06 12:28:35:783"}
{"level":"info","message":"2018-03-06 12:29:04:727|::1|200|16|/find?author=lebron","timestamp":"2018-03-06 12:29:04:732"}
{"level":"info","message":"2018-03-06 12:29:10:464|::1|200|8|/find?author=lebron&start=2018-03-06","timestamp":"2018-03-06 12:29:10:465"}
{"level":"info","message":"2018-03-06 12:30:06:475|::1|200|19|/find?author=lebron&start=2018-03-06","timestamp":"2018-03-06 12:30:06:479"}
{"level":"info","message":"2018-03-06 12:30:36:403|::1|200|19|/find?author=lebron&start=2018-03-06","timestamp":"2018-03-06 12:30:36:406"}
{"level":"info","message":"2018-03-06 12:32:16:725|::1|200|16|/find?author=lebron","timestamp":"2018-03-06 12:32:16:731"}
{"level":"info","message":"2018-03-06 12:32:33:790|::1|200|14|/find?author=lebron","timestamp":"2018-03-06 12:32:33:795"}
{"level":"info","message":"2018-03-06 14:16:09:033|::1|200|22|/find?author=lebron","timestamp":"2018-03-06 14:16:09:041"}
{"level":"info","message":"2018-03-06 14:16:59:133|::1|200|20|/find?author=lebron","timestamp":"2018-03-06 14:16:59:142"}
{"level":"info","message":"2018-03-06 14:17:26:536|::1|200|16|/find?author=lebron","timestamp":"2018-03-06 14:17:26:544"}
{"level":"info","message":"2018-03-06 14:17:43:730|::1|200|21|/find?author=lebron","timestamp":"2018-03-06 14:17:43:737"}
{"level":"info","message":"2018-03-06 14:17:57:917|::1|200|18|/find?author=lebron","timestamp":"2018-03-06 14:17:57:923"}
{"level":"info","message":"2018-03-06 14:20:27:487|::1|200|18|/find?author=lebron","timestamp":"2018-03-06 14:20:27:493"}
{"level":"info","message":"2018-03-06 14:20:40:163|::1|200|4|/find?author=lebron&start=2018-03-06","timestamp":"2018-03-06 14:20:40:163"}
{"level":"info","message":"2018-03-06 14:20:48:281|::1|200|0|/find?author=lebron&start=2018-03-06&end=2018-03-07","timestamp":"2018-03-06 14:20:48:281"}
{"level":"info","message":"2018-03-06 14:37:38:121|::1|200|12|/find?author=lebron&start=2018-03-06&end=2018-03-07","timestamp":"2018-03-06 14:37:38:128"}
{"level":"info","message":"2018-03-06 14:41:33:742|::1|200|12|/find?author=lebron&start=2018-03-06&end=2018-03-07","timestamp":"2018-03-06 14:41:33:746"}
{"level":"info","message":"2018-03-06 14:42:03:273|::1|200|16|/find?author=lebron&start=2018-03-06&end=2018-03-07","timestamp":"2018-03-06 14:42:03:277"}
{"level":"info","message":"2018-03-06 14:42:54:151|::1|200|16|/find?author=lebron&start=2018-03-06&end=2018-03-07","timestamp":"2018-03-06 14:42:54:160"}
{"level":"info","message":"2018-03-06 14:44:17:680|::1|200|13|/find?author=lebron&start=2018-03-06&end=2018-03-07","timestamp":"2018-03-06 14:44:17:684"}
{"level":"info","message":"2018-03-06 14:44:49:077|::1|200|17|/find?author=lebron&start=2018-03-06&end=2018-03-07","timestamp":"2018-03-06 14:44:49:080"}
{"level":"info","message":"2018-03-06 14:45:13:421|::1|200|17|/find?author=lebron&start=2018-03-06&end=2018-03-07","timestamp":"2018-03-06 14:45:13:427"}
{"level":"info","message":"2018-03-06 14:45:47:582|::1|200|22|/find?author=lebron&start=2018-03-06&end=2018-03-07","timestamp":"2018-03-06 14:45:47:587"}
{"level":"info","message":"2018-03-06 14:46:07:528|::1|200|18|/find?author=lebron&start=2018-03-06&end=2018-03-07","timestamp":"2018-03-06 14:46:07:536"}
{"level":"info","message":"2018-03-06 14:46:25:149|::1|200|20|/find?author=lebron&start=2018-03-06&end=2018-03-07","timestamp":"2018-03-06 14:46:25:155"}
{"level":"info","message":"2018-03-06 14:47:07:334|::1|200|19|/find?author=lebron&start=2018-03-06&end=2018-03-07","timestamp":"2018-03-06 14:47:07:337"}
{"level":"info","message":"2018-03-06 14:47:44:117|::1|200|15|/find?author=lebron&start=2018-03-06&end=2018-03-07","timestamp":"2018-03-06 14:47:44:124"}
{"level":"info","message":"2018-03-06 14:51:30:253|::1|200|13|/find?author=lebron&start=2018-03-06&end=2018-03-07","timestamp":"2018-03-06 14:51:30:258"}
{"level":"info","message":"2018-03-06 14:52:21:689|::1|200|15|/find?author=lebron&start=2018-03-06&end=2018-03-07","timestamp":"2018-03-06 14:52:21:693"}
{"level":"info","message":"2018-03-06 14:52:45:506|::1|200|13|/find?author=lebron&start=2018-03-06&end=2018-03-07","timestamp":"2018-03-06 14:52:45:512"}
{"level":"info","message":"2018-03-06 14:57:09:957|::1|200|10|/find?author=lebron&start=2018-03-06&end=2018-03-07","timestamp":"2018-03-06 14:57:09:963"}
{"level":"info","message":"2018-03-06 14:57:16:678|::1|200|1|/find?author=lebron&start=2018-03-06&end=2018-03-07","timestamp":"2018-03-06 14:57:16:678"}
{"level":"info","message":"2018-03-06 14:57:55:748|::1|200|18|/find?author=lebron&start=2018-03-06&end=2018-03-07","timestamp":"2018-03-06 14:57:55:752"}
{"level":"info","message":"2018-03-06 14:58:13:221|::1|200|19|/find?author=lebron&start=2018-03-06&end=2018-03-07","timestamp":"2018-03-06 14:58:13:228"}
{"level":"info","message":"2018-03-06 14:59:00:633|::1|404|14|/find?author=lebron&start=2018-03-06&end=2018-03-07","timestamp":"2018-03-06 14:59:00:637"}
{"level":"info","message":"2018-03-06 14:59:22:831|::1|404|15|/find?author=lebron&start=2018-03-06&end=2018-03-07","timestamp":"2018-03-06 14:59:22:835"}
{"level":"info","message":"2018-03-06 15:00:13:414|::1|404|14|/find?author=lebron&start=2018-03-06&end=2018-03-07","timestamp":"2018-03-06 15:00:13:417"}
{"level":"info","message":"2018-03-06 15:00:32:998|::1|200|11|/find?author=lebron&start=2018-03-06&end=2018-03-07","timestamp":"2018-03-06 15:00:33:003"}
{"level":"info","message":"2018-03-06 15:00:34:668|::1|200|1|/find?author=lebron&start=2018-03-06&end=2018-03-07","timestamp":"2018-03-06 15:00:34:668"}
{"level":"info","message":"2018-03-06 15:00:36:046|::1|200|0|/find?author=lebron&start=2018-03-06&end=2018-03-07","timestamp":"2018-03-06 15:00:36:047"}
{"level":"info","message":"2018-03-06 15:12:32:618|::1|404|15|/find?author=lebron&start=2018-03-06&end=2018-03-07","timestamp":"2018-03-06 15:12:32:626"}
{"level":"info","message":"2018-03-06 15:13:22:038|::1|404|14|/find?author=lebron&start=2018-03-06&end=2018-03-07","timestamp":"2018-03-06 15:13:22:047"}
{"level":"info","message":"2018-03-06 15:13:37:326|::1|404|14|/find?author=lebron&start=2018-03-06&end=2018-03-07","timestamp":"2018-03-06 15:13:37:330"}
{"level":"info","message":"2018-03-06 15:13:38:327|::1|404|1|/find?author=lebron&start=2018-03-06&end=2018-03-07","timestamp":"2018-03-06 15:13:38:327"}
{"level":"info","message":"2018-03-06 15:14:01:712|::1|404|15|/find?author=lebron&start=2018-03-06&end=2018-03-07","timestamp":"2018-03-06 15:14:01:716"}
{"level":"info","message":"2018-03-06 15:15:01:074|::1|200|29|/find?author=lebron&start=2018-03-06&end=2018-03-07","timestamp":"2018-03-06 15:15:01:079"}
{"level":"info","message":"2018-03-06 15:15:31:591|::1|200|16|/find?author=lebron&start=2018-03-06&end=2018-03-07","timestamp":"2018-03-06 15:15:31:596"}
{"level":"info","message":"2018-03-06 15:15:49:266|::1|200|18|/find?author=lebron&start=2018-03-06&end=2018-03-07","timestamp":"2018-03-06 15:15:49:271"}
{"level":"info","message":"2018-03-06 15:16:26:408|::1|200|38|/find?author=lebron&start=2018-03-06&end=2018-03-07","timestamp":"2018-03-06 15:16:26:413"}
{"level":"info","message":"2018-03-06 15:16:42:119|::1|200|40|/find?author=lebron&start=2018-03-06&end=2018-03-07","timestamp":"2018-03-06 15:16:42:125"}
{"level":"info","message":"2018-03-06 15:17:00:571|::1|200|138|/find?author=lebron&start=2018-03-06&end=2018-03-07","timestamp":"2018-03-06 15:17:00:571"}
{"level":"info","message":"2018-03-06 15:26:50:937|::1|200|19|/report?author=lebron","timestamp":"2018-03-06 15:26:50:939"}
{"level":"info","message":"2018-03-06 15:28:26:438|::1|200|5|/remove?author=lebron","timestamp":"2018-03-06 15:28:26:438"}
{"level":"info","message":"2018-03-06 15:28:35:921|::1|200|1|/report?author=lebron","timestamp":"2018-03-06 15:28:35:922"}
{"level":"info","message":"2018-03-06 15:28:36:908|::1|200|1|/report?author=lebron","timestamp":"2018-03-06 15:28:36:908"}
{"level":"info","message":"2018-03-06 15:28:37:593|::1|200|0|/report?author=lebron","timestamp":"2018-03-06 15:28:37:594"}
{"level":"info","message":"2018-03-06 15:28:47:387|::1|200|22|/find?author=lebron","timestamp":"2018-03-06 15:28:47:387"}
{"level":"info","message":"2018-03-06 15:38:13:176|::1|200|27|/find?author=lebron","timestamp":"2018-03-06 15:38:13:179"}
{"level":"info","message":"2018-03-06 15:40:34:849|::1|200|16|/report?author=lebron","timestamp":"2018-03-06 15:40:34:850"}
{"level":"info","message":"2018-03-06 15:40:40:091|::1|200|25|/find?author=lebron","timestamp":"2018-03-06 15:40:40:091"}
{"level":"info","message":"2018-03-06 15:40:45:817|::1|200|6|/report?author=lebron","timestamp":"2018-03-06 15:40:45:817"}
{"level":"info","message":"2018-03-06 15:40:53:858|::1|200|0|/report?author=lebron","timestamp":"2018-03-06 15:40:53:859"}
{"level":"info","message":"2018-03-06 15:45:38:614|::1|200|16|/report?author=lebron","timestamp":"2018-03-06 15:45:38:616"}
{"level":"info","message":"2018-03-06 16:41:03:170|::1|200|2|/report?author=lebron","timestamp":"2018-03-06 16:41:03:171"}
{"level":"info","message":"2018-03-06 16:42:04:614|::1|200|33|/find?author=lebron","timestamp":"2018-03-06 16:42:04:619"}
{"level":"info","message":"2018-03-06 16:42:12:906|::1|200|14|/find?author=lebron&start=2018-03-06","timestamp":"2018-03-06 16:42:12:907"}
{"level":"info","message":"2018-03-06 16:42:18:221|::1|200|12|/find?author=lebron&start=2018-03-07","timestamp":"2018-03-06 16:42:18:221"}
{"level":"info","message":"2018-03-06 16:42:52:805|::1|200|245|/find?author=lebron&start=2018-03-06","timestamp":"2018-03-06 16:42:52:809"}
{"level":"info","message":"2018-03-06 16:43:21:564|::1|200|31|/find?author=lebron&start=2018-03-06","timestamp":"2018-03-06 16:43:21:569"}
{"level":"info","message":"2018-03-06 16:43:38:085|::1|200|162|/find?author=lebron&start=2018-03-06","timestamp":"2018-03-06 16:43:38:091"}
{"level":"info","message":"2018-03-06 16:44:15:663|::1|200|14|/report?author=lebron","timestamp":"2018-03-06 16:44:15:665"}
{"level":"info","message":"2018-03-06 16:44:17:363|::1|200|1|/report?author=lebron","timestamp":"2018-03-06 16:44:17:363"}
{"level":"info","message":"2018-03-06 16:44:17:977|::1|200|0|/report?author=lebron","timestamp":"2018-03-06 16:44:17:977"}
{"level":"info","message":"2018-03-06 16:44:18:522|::1|200|0|/report?author=lebron","timestamp":"2018-03-06 16:44:18:522"}
{"level":"info","message":"2018-03-06 16:44:25:723|::1|200|1|/report?author=lebron","timestamp":"2018-03-06 16:44:25:723"}
{"level":"info","message":"2018-03-06 16:44:26:011|::1|200|1|/report?author=lebron","timestamp":"2018-03-06 16:44:26:011"}
{"level":"info","message":"2018-03-06 16:44:26:296|::1|200|1|/report?author=lebron","timestamp":"2018-03-06 16:44:26:296"}
{"level":"info","message":"2018-03-06 16:44:26:573|::1|200|0|/report?author=lebron","timestamp":"2018-03-06 16:44:26:573"}
{"level":"info","message":"2018-03-06 16:44:40:160|::1|200|24|/find?author=lebron","timestamp":"2018-03-06 16:44:40:161"}
{"level":"info","message":"2018-03-06 17:42:53:315|::1|200|36|/find?author=lebron","timestamp":"2018-03-06 17:42:53:320"}
{"level":"info","message":"2018-03-06 17:42:55:769|::1|200|13|/find?author=lebron","timestamp":"2018-03-06 17:42:55:769"}
{"level":"info","message":"2018-03-06 17:42:58:020|::1|200|23|/find?author=lebron","timestamp":"2018-03-06 17:42:58:020"}
{"level":"info","message":"2018-03-06 17:43:07:987|::1|200|36|/find?author=lebron","timestamp":"2018-03-06 17:43:07:992"}
{"level":"info","message":"2018-03-06 17:51:57:788|::1|200|38|/find?author=lebron","timestamp":"2018-03-06 17:51:57:796"}
{"level":"info","message":"2018-03-06 17:52:21:821|::1|200|91|/find?author=lebron","timestamp":"2018-03-06 17:52:21:827"}
{"level":"info","message":"2018-03-06 17:52:39:853|::1|200|38|/find?author=lebron","timestamp":"2018-03-06 17:52:39:857"}
{"level":"info","message":"2018-03-06 17:52:49:041|::1|200|36|/find?author=lebron","timestamp":"2018-03-06 17:52:49:046"}
{"level":"info","message":"2018-03-06 17:53:02:488|::1|200|36|/find?author=lebron","timestamp":"2018-03-06 17:53:02:494"}
{"level":"info","message":"2018-03-06 17:53:18:750|::1|200|34|/find?author=lebron","timestamp":"2018-03-06 17:53:18:755"}
{"level":"info","message":"2018-03-06 17:53:34:375|::1|200|33|/find?author=lebron","timestamp":"2018-03-06 17:53:34:381"}
{"level":"info","message":"2018-03-06 17:54:50:849|::1|200|57|/find?author=lebron","timestamp":"2018-03-06 17:54:50:853"}
{"level":"info","message":"2018-03-06 18:01:55:619|::1|200|17|/find?author=lebron","timestamp":"2018-03-06 18:01:55:620"}
{"level":"info","message":"2018-03-06 18:04:44:532|::1|200|88|/find?author=lebron","timestamp":"2018-03-06 18:04:44:539"}
{"level":"info","message":"2018-03-06 18:04:47:285|::1|200|11|/find?author=lebron","timestamp":"2018-03-06 18:04:47:286"}
{"level":"info","message":"2018-03-06 18:05:08:129|::1|200|36|/find?author=lebron","timestamp":"2018-03-06 18:05:08:135"}
{"level":"info","message":"2018-03-06 18:05:36:891|::1|200|116|/find?author=lebron","timestamp":"2018-03-06 18:05:36:898"}
{"level":"info","message":"2018-03-06 18:07:27:481|::1|200|33|/find?author=lebron","timestamp":"2018-03-06 18:07:27:487"}
{"level":"info","message":"2018-03-06 18:11:39:014|::1|200|9|/report?author=lebron","timestamp":"2018-03-06 18:11:39:014"}
{"level":"info","message":"2018-03-06 18:11:41:644|::1|200|1|/report?author=lebron","timestamp":"2018-03-06 18:11:41:644"}
{"level":"info","message":"2018-03-06 18:11:42:457|::1|200|4|/report?author=lebron","timestamp":"2018-03-06 18:11:42:458"}
{"level":"info","message":"2018-03-06 18:11:42:985|::1|200|1|/report?author=lebron","timestamp":"2018-03-06 18:11:42:985"}
{"level":"info","message":"2018-03-06 18:12:01:966|::1|200|12|/find?author=lebron","timestamp":"2018-03-06 18:12:01:966"}
{"level":"info","message":"2018-03-06 18:12:28:232|::1|200|148|/find?author=lebron","timestamp":"2018-03-06 18:12:28:237"}
{"level":"info","message":"2018-03-06 18:12:33:219|::1|200|5|/report?author=lebron","timestamp":"2018-03-06 18:12:33:219"}
{"level":"info","message":"2018-03-06 18:12:35:927|::1|200|15|/find?author=lebron","timestamp":"2018-03-06 18:12:35:928"}
{"level":"info","message":"2018-03-06 18:12:57:187|::1|200|12|/find?author=lebron","timestamp":"2018-03-06 18:12:57:187"}
{"level":"info","message":"2018-03-06 18:13:01:582|::1|200|1|/report?author=lebron","timestamp":"2018-03-06 18:13:01:582"}
{"level":"info","message":"2018-03-06 18:13:03:606|::1|200|0|/report?author=lebron","timestamp":"2018-03-06 18:13:03:606"}
{"level":"info","message":"2018-03-06 18:13:06:944|::1|200|12|/find?author=lebron","timestamp":"2018-03-06 18:13:06:944"}
{"level":"info","message":"2018-03-06 18:14:12:010|::1|200|32|/find?author=lebron","timestamp":"2018-03-06 18:14:12:017"}
{"level":"info","message":"2018-03-06 18:14:41:390|::1|200|39|/find?author=lebron","timestamp":"2018-03-06 18:14:41:396"}
{"level":"info","message":"2018-03-06 18:15:24:884|::1|200|31|/find?author=lebron","timestamp":"2018-03-06 18:15:24:891"}
{"level":"info","message":"2018-03-06 18:15:27:187|::1|200|11|/find?author=lebron","timestamp":"2018-03-06 18:15:27:188"}
{"level":"info","message":"2018-03-06 18:17:40:062|::1|200|14|/find?author=lebron","timestamp":"2018-03-06 18:17:40:062"}
{"level":"info","message":"2018-03-06 18:24:48:466|::1|200|31|/find?author=lebron","timestamp":"2018-03-06 18:24:48:474"}
{"level":"info","message":"2018-03-06 18:27:51:423|::1|200|34|/find?author=lebron","timestamp":"2018-03-06 18:27:51:427"}
{"level":"info","message":"2018-03-06 18:29:26:931|::1|200|36|/find?author=lebron","timestamp":"2018-03-06 18:29:26:937"}
{"level":"info","message":"2018-03-06 18:32:05:889|::1|200|48|/find?author=lebron","timestamp":"2018-03-06 18:32:05:897"}
{"level":"info","message":"2018-03-06 18:32:18:565|::1|200|33|/find?author=lebron","timestamp":"2018-03-06 18:32:18:573"}
{"level":"info","message":"2018-03-06 18:32:46:232|::1|200|178|/find?author=lebron","timestamp":"2018-03-06 18:32:46:236"}
{"level":"info","message":"2018-03-06 18:32:46:653|::1|200|159|/find?author=lebron","timestamp":"2018-03-06 18:32:46:654"}
{"level":"info","message":"2018-03-06 18:32:47:899|::1|200|15|/find?author=lebron","timestamp":"2018-03-06 18:32:47:899"}
{"level":"info","message":"2018-03-06 18:32:56:391|::1|200|42|/find?author=lebron","timestamp":"2018-03-06 18:32:56:397"}
