{"level":"info","message":"2018-03-07 11:11:41:888|::1|200|21|/report?author=lebron","timestamp":"2018-03-07 11:11:41:891"}
{"level":"info","message":"2018-03-07 11:11:46:811|::1|404|0|/query","timestamp":"2018-03-07 11:11:46:812"}
{"level":"info","message":"2018-03-07 11:12:02:835|::1|404|0|/query","timestamp":"2018-03-07 11:12:02:836"}
{"level":"info","message":"2018-03-07 11:12:22:708|::1|404|0|/query","timestamp":"2018-03-07 11:12:22:708"}
{"level":"info","message":"2018-03-07 11:12:43:634|::1|404|0|/query","timestamp":"2018-03-07 11:12:43:639"}
{"level":"info","message":"2018-03-07 11:12:44:747|::1|404|0|/query","timestamp":"2018-03-07 11:12:44:747"}
{"level":"info","message":"2018-03-07 11:12:58:027|::1|200|12|/report?author=lebron","timestamp":"2018-03-07 11:12:58:027"}
{"level":"info","message":"2018-03-07 11:13:04:490|::1|200|4|/remove?author=lebron","timestamp":"2018-03-07 11:13:04:490"}
{"level":"info","message":"2018-03-07 11:13:07:802|::1|200|15|/find?author=lebron","timestamp":"2018-03-07 11:13:07:802"}
{"level":"info","message":"2018-03-07 11:13:19:289|::1|404|1|/query","timestamp":"2018-03-07 11:13:19:289"}
{"level":"info","message":"2018-03-07 11:13:37:628|::1|200|5|/query","timestamp":"2018-03-07 11:13:37:633"}
{"level":"info","message":"2018-03-07 11:20:44:420|::1|200|16|/report?author=lebron","timestamp":"2018-03-07 11:20:44:422"}
{"level":"info","message":"2018-03-07 11:20:44:686|::1|404|0|/favicon.ico","timestamp":"2018-03-07 11:20:44:686"}
{"level":"info","message":"2018-03-07 11:20:48:456|::1|200|24|/query","timestamp":"2018-03-07 11:20:48:456"}
{"level":"info","message":"2018-03-07 12:16:36:293|::1|200|63|/query","timestamp":"2018-03-07 12:16:36:306"}
{"level":"info","message":"2018-03-07 12:17:39:136|::1|200|51|/query","timestamp":"2018-03-07 12:17:39:142"}
{"level":"info","message":"2018-03-07 22:39:52:228|::1|200|290|/query","timestamp":"2018-03-07 22:39:52:232"}
{"level":"info","message":"2018-03-07 22:40:07:157|::1|200|47|/query","timestamp":"2018-03-07 22:40:07:161"}
{"level":"info","message":"2018-03-07 22:43:23:052|::1|200|82|/query","timestamp":"2018-03-07 22:43:23:053"}
{"level":"info","message":"2018-03-07 22:43:30:911|::1|200|35|/query","timestamp":"2018-03-07 22:43:30:915"}
{"level":"info","message":"2018-03-07 22:46:19:752|::1|200|181|/query","timestamp":"2018-03-07 22:46:19:755"}
{"level":"info","message":"2018-03-07 22:46:41:301|::1|200|121|/query","timestamp":"2018-03-07 22:46:41:305"}
{"level":"info","message":"2018-03-07 22:50:19:993|::1|200|62|/query","timestamp":"2018-03-07 22:50:19:995"}
